<?xml version="1.0" encoding="UTF-8"?>
<!-- Generated by org.testng.reporters.JUnitXMLReporter -->
<testsuite ignored="0" hostname="Vinayak" failures="1" tests="5" name="tt(failed)" time="0.17" errors="0" timestamp="2022-11-15T20:25:01 IST">
  <testcase classname="TestNgListeners.DemoListener" name="m1" time="0.016"/>
  <testcase classname="TestNgListeners.DemoListener" name="m2" time="0.012">
    <skipped/>
  </testcase> <!-- m2 -->
  <testcase classname="TestNgListeners.DemoListener" name="m2" time="0.0">
    <skipped/>
  </testcase> <!-- m2 -->
  <testcase classname="TestNgListeners.DemoListener" name="m2" time="0.0">
    <failure type="java.lang.AssertionError" message="expected [true] but found [false]">
      <![CDATA[java.lang.AssertionError: expected [true] but found [false]
at TestNgListeners.DemoListener.m2(DemoListener.java:19)
at java.base/java.util.ArrayList.forEach(ArrayList.java:1541)
... Removed 30 stack frames]]>
    </failure>
  </testcase> <!-- m2 -->
  <testcase classname="TestNgListeners.DemoListener" name="m3" time="0.009"/>
</testsuite> <!-- tt(failed) -->
