<?xml version="1.0" encoding="UTF-8"?>
<!-- Generated by org.testng.reporters.JUnitXMLReporter -->
<testsuite ignored="0" hostname="Vinayak" failures="1" tests="3" name="tt" time="0.187" errors="0" timestamp="2022-11-15T20:20:45 IST">
  <testcase classname="TestNgListeners.DemoListener" name="m1" time="0.018"/>
  <testcase classname="TestNgListeners.DemoListener" name="m2" time="0.013">
    <failure type="java.lang.AssertionError" message="expected [true] but found [false]">
      <![CDATA[java.lang.AssertionError: expected [true] but found [false]
at TestNgListeners.DemoListener.m2(DemoListener.java:19)
at java.base/java.util.ArrayList.forEach(ArrayList.java:1541)
... Removed 30 stack frames]]>
    </failure>
  </testcase> <!-- m2 -->
  <testcase classname="TestNgListeners.DemoListener" name="m3" time="0.0"/>
</testsuite> <!-- tt -->
